<?xml version="1.0" encoding="UTF-8"?>
<testsuite name="uj.java.pwj2020.spreadsheet.SpreadsheetTest" tests="5" skipped="0" failures="0" errors="0" timestamp="2020-10-22T12:27:11" hostname="mateusz-TM1703" time="0.131">
  <properties/>
  <testcase name="[1] [[1, 2, 3], [4, 5, 6], [$A1, $C1, $B3], [=ADD(10,$A1), =SUB($C3,$A1), 0]], [[1, 2, 3], [4, 5, 6], [1, 3, 3], [11, 2, 0]]" classname="uj.java.pwj2020.spreadsheet.SpreadsheetTest" time="0.106"/>
  <testcase name="[2] [[0, 1, 2], [3, 4, 5]], [[0, 1, 2], [3, 4, 5]]" classname="uj.java.pwj2020.spreadsheet.SpreadsheetTest" time="0.002"/>
  <testcase name="[3] [[1, 2, 3], [4, 5, 6], [$C3, $C1, $A1], [=ADD(10,$A1), =SUB($C3,$A1), 0]], [[1, 2, 3], [4, 5, 6], [1, 3, 1], [11, 0, 0]]" classname="uj.java.pwj2020.spreadsheet.SpreadsheetTest" time="0.002"/>
  <testcase name="[4] [[1, $Z100, 2, 3, 4, 5, 6, 7, 8, 9, 0, 1, 2, 3, 4, 5, 6, 7, 8, 9, 0, 1, 2, 3, 4, 5], [1, $B3, 2, 3, 4, 5, 6, 7, 8, 9, 0, 1, 2, 3, 4, 5, 6, 7, 8, 9, 0, 1, 2, 3, 4, 5], [1, $B4, 2, 3, 4, 5, 6, 7, 8, 9, 0, 1, 2, 3, 4, 5, 6, 7, 8, 9, 0, 1, 2, 3, 4, 5], [1, $B5, 2, 3, 4, 5, 6, 7, 8, 9, 0, 1, 2, 3, 4, 5, 6, 7, 8, 9, 0, 1, 2, 3, 4, 5], [1, $B6, 2, 3, 4, 5, 6, 7, 8, 9, 0, 1, 2, 3, 4, 5, 6, 7, 8, 9, 0, 1, 2, 3, 4, 5], [1, $B7, 2, 3, 4, 5, 6, 7, 8, 9, 0, 1, 2, 3, 4, 5, 6, 7, 8, 9, 0, 1, 2, 3, 4, 5], [1, $B8, 2, 3, 4…, [[1, -2, 2, 3, 4, 5, 6, 7, 8, 9, 0, 1, 2, 3, 4, 5, 6, 7, 8, 9, 0, 1, 2, 3, 4, 5], [1, -2, 2, 3, 4, 5, 6, 7, 8, 9, 0, 1, 2, 3, 4, 5, 6, 7, 8, 9, 0, 1, 2, 3, 4, 5], [1, -2, 2, 3, 4, 5, 6, 7, 8, 9, 0, 1, 2, 3, 4, 5, 6, 7, 8, 9, 0, 1, 2, 3, 4, 5], [1, -2, 2, 3, 4, 5, 6, 7, 8, 9, 0, 1, 2, 3, 4, 5, 6, 7, 8, 9, 0, 1, 2, 3, 4, 5], [1, -2, 2, 3, 4, 5, 6, 7, 8, 9, 0, 1, 2, 3, 4, 5, 6, 7, 8, 9, 0, 1, 2, 3, 4, 5], [1, -2, 2, 3, 4, 5, 6, 7, 8, 9, 0, 1, 2, 3, 4, 5, 6, 7, 8, 9, 0, 1, 2, 3, 4, 5], [1, -2, 2, 3, 4, 5, 6, 7…" classname="uj.java.pwj2020.spreadsheet.SpreadsheetTest" time="0.006"/>
  <testcase name="[5] [[5, 3, =ADD($A1,$B1)], [5, 3, =SUB($A2,$B2)], [5, 3, =MUL($A3,$B3)], [5, 3, =DIV($A4,$B4)], [5, 3, =MOD($A5,$B5)], [10, 2, =MOD($A6,$B6)]], [[5, 3, 8], [5, 3, 2], [5, 3, 15], [5, 3, 1], [5, 3, 2], [10, 2, 0]]" classname="uj.java.pwj2020.spreadsheet.SpreadsheetTest" time="0.002"/>
  <system-out><![CDATA[]]></system-out>
  <system-err><![CDATA[]]></system-err>
</testsuite>
